0 info it worked if it ends with ok
1 verbose cli [ 'c:\\Program Files\\nodejs\\node.exe',
1 verbose cli   'c:\\Program Files\\nodejs\\node_modules\\npm\\bin\\npm-cli.js',
1 verbose cli   'install',
1 verbose cli   '-g',
1 verbose cli   'n' ]
2 info using npm@2.14.20
3 info using node@v4.4.1
4 verbose install initial load of C:\Users\Edgars\AppData\Roaming\npm\package.json
5 verbose readDependencies loading dependencies from C:\Users\Edgars\AppData\Roaming\npm\package.json
6 silly cache add args [ 'n', null ]
7 verbose cache add spec n
8 silly cache add parsed spec Result {
8 silly cache add   raw: 'n',
8 silly cache add   scope: null,
8 silly cache add   name: 'n',
8 silly cache add   rawSpec: '',
8 silly cache add   spec: 'latest',
8 silly cache add   type: 'tag' }
9 silly addNamed n@latest
10 verbose addNamed "latest" is being treated as a dist-tag for n
11 info addNameTag [ 'n', 'latest' ]
12 silly mapToRegistry name n
13 silly mapToRegistry using default registry
14 silly mapToRegistry registry https://registry.npmjs.org/
15 silly mapToRegistry uri https://registry.npmjs.org/n
16 verbose addNameTag registry:https://registry.npmjs.org/n not in flight; fetching
17 verbose request uri https://registry.npmjs.org/n
18 verbose request no auth needed
19 info attempt registry request try #1 at 8:11:34 AM
20 verbose request id 6ea86b89c4c8fc67
21 http request GET https://registry.npmjs.org/n
22 http 200 https://registry.npmjs.org/n
23 verbose headers { server: 'CouchDB/1.6.1 (Erlang OTP/R16B03)',
23 verbose headers   etag: '"44PPE8X26AFNU45LLMI98YGSS"',
23 verbose headers   'content-type': 'application/json',
23 verbose headers   'content-encoding': 'gzip',
23 verbose headers   'cache-control': 'max-age=300',
23 verbose headers   'content-length': '12018',
23 verbose headers   'accept-ranges': 'bytes',
23 verbose headers   date: 'Mon, 22 Aug 2016 22:11:33 GMT',
23 verbose headers   via: '1.1 varnish',
23 verbose headers   age: '115',
23 verbose headers   connection: 'keep-alive',
23 verbose headers   'x-served-by': 'cache-bne7722-BNE',
23 verbose headers   'x-cache': 'HIT',
23 verbose headers   'x-cache-hits': '2',
23 verbose headers   'x-timer': 'S1471903893.267573,VS0,VE0',
23 verbose headers   vary: 'Accept-Encoding' }
24 silly get cb [ 200,
24 silly get   { server: 'CouchDB/1.6.1 (Erlang OTP/R16B03)',
24 silly get     etag: '"44PPE8X26AFNU45LLMI98YGSS"',
24 silly get     'content-type': 'application/json',
24 silly get     'content-encoding': 'gzip',
24 silly get     'cache-control': 'max-age=300',
24 silly get     'content-length': '12018',
24 silly get     'accept-ranges': 'bytes',
24 silly get     date: 'Mon, 22 Aug 2016 22:11:33 GMT',
24 silly get     via: '1.1 varnish',
24 silly get     age: '115',
24 silly get     connection: 'keep-alive',
24 silly get     'x-served-by': 'cache-bne7722-BNE',
24 silly get     'x-cache': 'HIT',
24 silly get     'x-cache-hits': '2',
24 silly get     'x-timer': 'S1471903893.267573,VS0,VE0',
24 silly get     vary: 'Accept-Encoding' } ]
25 verbose get saving n to C:\Users\Edgars\AppData\Roaming\npm-cache\registry.npmjs.org\n\.cache.json
26 verbose correctMkdir C:\Users\Edgars\AppData\Roaming\npm-cache correctMkdir not in flight; initializing
27 verbose makeDirectory C:\Users\Edgars\AppData\Roaming\npm-cache creation not in flight; initializing
28 verbose makeCacheDir UID & GID are irrelevant on win32
29 silly addNameTag next cb for n with tag latest
30 silly addNamed n@2.1.4
31 verbose addNamed "2.1.4" is a plain semver version for n
32 silly mapToRegistry name n
33 silly mapToRegistry using default registry
34 silly mapToRegistry registry https://registry.npmjs.org/
35 silly mapToRegistry uri https://registry.npmjs.org/n
36 verbose addRemoteTarball https://registry.npmjs.org/n/-/n-2.1.4.tgz not in flight; adding
37 verbose addRemoteTarball [ 'https://registry.npmjs.org/n/-/n-2.1.4.tgz',
37 verbose addRemoteTarball   '7546bc467a120cc96718f2716cd86c43290f94c5' ]
38 info retry fetch attempt 1 at 8:11:35 AM
39 info attempt registry request try #1 at 8:11:35 AM
40 http fetch GET https://registry.npmjs.org/n/-/n-2.1.4.tgz
41 http fetch 200 https://registry.npmjs.org/n/-/n-2.1.4.tgz
42 silly fetchAndShaCheck shasum 7546bc467a120cc96718f2716cd86c43290f94c5
43 verbose addTmpTarball C:\Users\Edgars\AppData\Local\Temp\npm-10484-85859aa6\registry.npmjs.org\n\-\n-2.1.4.tgz not in flight; adding
44 verbose addTmpTarball already have metadata; skipping unpack for n@2.1.4
45 verbose correctMkdir C:\Users\Edgars\AppData\Roaming\npm-cache correctMkdir not in flight; initializing
46 silly cache afterAdd n@2.1.4
47 verbose afterAdd C:\Users\Edgars\AppData\Roaming\npm-cache\n\2.1.4\package\package.json not in flight; writing
48 verbose correctMkdir C:\Users\Edgars\AppData\Roaming\npm-cache correctMkdir not in flight; initializing
49 verbose afterAdd C:\Users\Edgars\AppData\Roaming\npm-cache\n\2.1.4\package\package.json written
50 silly install resolved [ { name: 'n',
50 silly install resolved     description: 'Interactively Manage All Your Node Versions',
50 silly install resolved     version: '2.1.4',
50 silly install resolved     author: { name: 'TJ Holowaychuk', email: 'tj@vision-media.ca' },
50 silly install resolved     homepage: 'https://github.com/tj/n',
50 silly install resolved     bugs: { url: 'https://github.com/tj/n/issues' },
50 silly install resolved     contributors: [ [Object], [Object], [Object] ],
50 silly install resolved     keywords:
50 silly install resolved      [ 'nvm',
50 silly install resolved        'node',
50 silly install resolved        'version',
50 silly install resolved        'manager',
50 silly install resolved        'switcher',
50 silly install resolved        'node',
50 silly install resolved        'binary',
50 silly install resolved        'env' ],
50 silly install resolved     bin: { n: './bin/n' },
50 silly install resolved     repository: { type: 'git', url: 'git://github.com/tj/n.git' },
50 silly install resolved     preferGlobal: true,
50 silly install resolved     os: [ '!win32' ],
50 silly install resolved     engines: { node: '*' },
50 silly install resolved     license: 'MIT',
50 silly install resolved     gitHead: 'ff9ba303d972069903c0f951ece43f47adce24e8',
50 silly install resolved     _id: 'n@2.1.4',
50 silly install resolved     scripts: {},
50 silly install resolved     _shasum: '7546bc467a120cc96718f2716cd86c43290f94c5',
50 silly install resolved     _from: 'n@latest',
50 silly install resolved     _npmVersion: '3.10.3',
50 silly install resolved     _nodeVersion: '6.3.1',
50 silly install resolved     _npmUser: { name: 'qw3rtman', email: 'me@nimit.io' },
50 silly install resolved     dist:
50 silly install resolved      { shasum: '7546bc467a120cc96718f2716cd86c43290f94c5',
50 silly install resolved        tarball: 'https://registry.npmjs.org/n/-/n-2.1.4.tgz' },
50 silly install resolved     maintainers: [ [Object], [Object], [Object], [Object], [Object], [Object] ],
50 silly install resolved     _npmOperationalInternal:
50 silly install resolved      { host: 'packages-16-east.internal.npmjs.com',
50 silly install resolved        tmp: 'tmp/n-2.1.4.tgz_1470600124670_0.21058935346081853' },
50 silly install resolved     directories: {},
50 silly install resolved     _resolved: 'https://registry.npmjs.org/n/-/n-2.1.4.tgz' } ]
51 info install n@2.1.4 into C:\Users\Edgars\AppData\Roaming\npm
52 info installOne n@2.1.4
53 verbose installOne of n to C:\Users\Edgars\AppData\Roaming\npm not in flight; installing
54 verbose correctMkdir C:\Users\Edgars\AppData\Roaming\npm-cache\_locks correctMkdir not in flight; initializing
55 verbose makeDirectory C:\Users\Edgars\AppData\Roaming\npm-cache\_locks creation not in flight; initializing
56 verbose makeCacheDir UID & GID are irrelevant on win32
57 verbose lock using C:\Users\Edgars\AppData\Roaming\npm-cache\_locks\n-635e7ed5a7afd67c.lock for C:\Users\Edgars\AppData\Roaming\npm\node_modules\n
58 verbose unlock done using C:\Users\Edgars\AppData\Roaming\npm-cache\_locks\n-635e7ed5a7afd67c.lock for C:\Users\Edgars\AppData\Roaming\npm\node_modules\n
59 verbose stack Error: Unsupported
59 verbose stack     at checkPlatform (c:\Program Files\nodejs\node_modules\npm\node_modules\npm-install-checks\index.js:47:14)
59 verbose stack     at Array.<anonymous> (c:\Program Files\nodejs\node_modules\npm\node_modules\slide\lib\bind-actor.js:15:8)
59 verbose stack     at LOOP (c:\Program Files\nodejs\node_modules\npm\node_modules\slide\lib\chain.js:15:14)
59 verbose stack     at c:\Program Files\nodejs\node_modules\npm\node_modules\slide\lib\chain.js:18:7
59 verbose stack     at checkEngine (c:\Program Files\nodejs\node_modules\npm\node_modules\npm-install-checks\index.js:26:10)
59 verbose stack     at Array.<anonymous> (c:\Program Files\nodejs\node_modules\npm\node_modules\slide\lib\bind-actor.js:15:8)
59 verbose stack     at LOOP (c:\Program Files\nodejs\node_modules\npm\node_modules\slide\lib\chain.js:15:14)
59 verbose stack     at chain (c:\Program Files\nodejs\node_modules\npm\node_modules\slide\lib\chain.js:20:5)
59 verbose stack     at c:\Program Files\nodejs\node_modules\npm\lib\install.js:1038:5
59 verbose stack     at c:\Program Files\nodejs\node_modules\npm\lib\utils\locker.js:39:7
60 verbose pkgid n@2.1.4
61 verbose cwd c:\Sites\socialadvocate
62 error Windows_NT 10.0.10586
63 error argv "c:\\Program Files\\nodejs\\node.exe" "c:\\Program Files\\nodejs\\node_modules\\npm\\bin\\npm-cli.js" "install" "-g" "n"
64 error node v4.4.1
65 error npm  v2.14.20
66 error code EBADPLATFORM
67 error notsup Unsupported
67 error notsup Not compatible with your operating system or architecture: n@2.1.4
67 error notsup Valid OS:    !win32
67 error notsup Valid Arch:  any
67 error notsup Actual OS:   win32
67 error notsup Actual Arch: x64
68 verbose exit [ 1, true ]
